298:C 24 Jun 2026 10:27:00.660 * oO0OoO0OoO0Oo Redis is starting oO0OoO0OoO0Oo
298:C 24 Jun 2026 10:27:00.662 * Redis version=8.8.0, bits=64, commit=00000000, modified=0, pid=298, just started
298:C 24 Jun 2026 10:27:00.662 * Configuration loaded
298:M 24 Jun 2026 10:27:00.665 # You requested maxclients of 10000 requiring at least 10032 max file descriptors.
298:M 24 Jun 2026 10:27:00.665 # Server can't set maximum open files to 10032 because of OS error: Operation not permitted.
298:M 24 Jun 2026 10:27:00.665 # Current maximum open files is 3200. maxclients has been reduced to 3168 to compensate for low ulimit. If you need higher maxclients increase 'ulimit -n'.
298:M 24 Jun 2026 10:27:00.665 * monotonic clock: POSIX clock_gettime
298:M 24 Jun 2026 10:27:00.666 * Running mode=standalone, port=6379.
298:M 24 Jun 2026 10:27:00.670 * Server initialized
298:M 24 Jun 2026 10:27:00.671 * Ready to accept connections tcp
298:M 24 Jun 2026 10:27:00.671 # WARNING: Redis does not require authentication. Redis will accept connections from any local client.
298:M 24 Jun 2026 10:32:01.023 * 100 changes in 300 seconds. Saving...
298:M 24 Jun 2026 10:32:01.047 * Background saving started by pid 300
300:C 24 Jun 2026 10:32:01.050 * BGSAVE done, 15 keys saved, 0 keys skipped, 1935 bytes written.
300:C 24 Jun 2026 10:32:01.075 * DB saved on disk
300:C 24 Jun 2026 10:32:01.076 * Fork CoW for RDB: current 0 MB, peak 0 MB, average 0 MB
298:M 24 Jun 2026 10:32:01.149 * Background saving terminated with success
298:M 24 Jun 2026 10:42:01.172 * 100 changes in 300 seconds. Saving...
298:M 24 Jun 2026 10:42:01.210 * Background saving started by pid 301
301:C 24 Jun 2026 10:42:01.213 * BGSAVE done, 15 keys saved, 0 keys skipped, 1935 bytes written.
301:C 24 Jun 2026 10:42:01.229 * DB saved on disk
301:C 24 Jun 2026 10:42:01.229 * Fork CoW for RDB: current 0 MB, peak 0 MB, average 0 MB
298:M 24 Jun 2026 10:42:01.326 * Background saving terminated with success
298:M 24 Jun 2026 10:47:02.247 * 100 changes in 300 seconds. Saving...
298:M 24 Jun 2026 10:47:02.256 * Background saving started by pid 302
302:C 24 Jun 2026 10:47:02.258 * BGSAVE done, 16 keys saved, 0 keys skipped, 2362 bytes written.
302:C 24 Jun 2026 10:47:02.270 * DB saved on disk
302:C 24 Jun 2026 10:47:02.270 * Fork CoW for RDB: current 0 MB, peak 0 MB, average 0 MB
298:M 24 Jun 2026 10:47:02.371 * Background saving terminated with success
298:M 24 Jun 2026 10:53:31.390 * 100 changes in 300 seconds. Saving...
298:M 24 Jun 2026 10:53:31.402 * Background saving started by pid 303
303:C 24 Jun 2026 10:53:31.404 * BGSAVE done, 20 keys saved, 0 keys skipped, 2867 bytes written.
303:C 24 Jun 2026 10:53:31.425 * DB saved on disk
303:C 24 Jun 2026 10:53:31.426 * Fork CoW for RDB: current 0 MB, peak 0 MB, average 0 MB
298:M 24 Jun 2026 10:53:31.514 * Background saving terminated with success
298:M 24 Jun 2026 11:01:31.555 * 100 changes in 300 seconds. Saving...
298:M 24 Jun 2026 11:01:31.566 * Background saving started by pid 304
304:C 24 Jun 2026 11:01:31.568 * BGSAVE done, 17 keys saved, 0 keys skipped, 2785 bytes written.
304:C 24 Jun 2026 11:01:31.587 * DB saved on disk
304:C 24 Jun 2026 11:01:31.588 * Fork CoW for RDB: current 0 MB, peak 0 MB, average 0 MB
298:M 24 Jun 2026 11:01:31.680 * Background saving terminated with success
298:M 24 Jun 2026 11:08:31.756 * 100 changes in 300 seconds. Saving...
298:M 24 Jun 2026 11:08:31.768 * Background saving started by pid 305
305:C 24 Jun 2026 11:08:31.771 * BGSAVE done, 21 keys saved, 0 keys skipped, 3290 bytes written.
305:C 24 Jun 2026 11:08:31.787 * DB saved on disk
305:C 24 Jun 2026 11:08:31.787 * Fork CoW for RDB: current 0 MB, peak 0 MB, average 0 MB
298:M 24 Jun 2026 11:08:31.882 * Background saving terminated with success
298:M 24 Jun 2026 11:13:32.094 * 100 changes in 300 seconds. Saving...
298:M 24 Jun 2026 11:13:32.109 * Background saving started by pid 306
306:C 24 Jun 2026 11:13:32.112 * BGSAVE done, 18 keys saved, 0 keys skipped, 3646 bytes written.
306:C 24 Jun 2026 11:13:32.131 * DB saved on disk
306:C 24 Jun 2026 11:13:32.131 * Fork CoW for RDB: current 0 MB, peak 0 MB, average 0 MB
298:M 24 Jun 2026 11:13:32.218 * Background saving terminated with success
298:M 24 Jun 2026 11:23:06.949 * 100 changes in 300 seconds. Saving...
298:M 24 Jun 2026 11:23:06.968 * Background saving started by pid 307
307:C 24 Jun 2026 11:23:06.970 * BGSAVE done, 18 keys saved, 0 keys skipped, 3646 bytes written.
307:C 24 Jun 2026 11:23:06.986 * DB saved on disk
307:C 24 Jun 2026 11:23:06.987 * Fork CoW for RDB: current 0 MB, peak 0 MB, average 0 MB
298:M 24 Jun 2026 11:23:07.073 * Background saving terminated with success
298:M 24 Jun 2026 11:33:07.095 * 100 changes in 300 seconds. Saving...
298:M 24 Jun 2026 11:33:07.109 * Background saving started by pid 308
308:C 24 Jun 2026 11:33:07.113 * BGSAVE done, 18 keys saved, 0 keys skipped, 3646 bytes written.
308:C 24 Jun 2026 11:33:07.127 * DB saved on disk
308:C 24 Jun 2026 11:33:07.127 * Fork CoW for RDB: current 0 MB, peak 0 MB, average 0 MB
298:M 24 Jun 2026 11:33:07.222 * Background saving terminated with success
298:M 24 Jun 2026 11:43:07.352 * 100 changes in 300 seconds. Saving...
298:M 24 Jun 2026 11:43:07.370 * Background saving started by pid 309
309:C 24 Jun 2026 11:43:07.373 * BGSAVE done, 18 keys saved, 0 keys skipped, 3646 bytes written.
309:C 24 Jun 2026 11:43:07.397 * DB saved on disk
309:C 24 Jun 2026 11:43:07.397 * Fork CoW for RDB: current 0 MB, peak 0 MB, average 0 MB
298:M 24 Jun 2026 11:43:07.476 * Background saving terminated with success
298:M 24 Jun 2026 11:53:07.472 * 100 changes in 300 seconds. Saving...
298:M 24 Jun 2026 11:53:07.503 * Background saving started by pid 310
310:C 24 Jun 2026 11:53:07.507 * BGSAVE done, 18 keys saved, 0 keys skipped, 3646 bytes written.
310:C 24 Jun 2026 11:53:07.527 * DB saved on disk
310:C 24 Jun 2026 11:53:07.528 * Fork CoW for RDB: current 0 MB, peak 0 MB, average 0 MB
298:M 24 Jun 2026 11:53:07.611 * Background saving terminated with success
298:M 24 Jun 2026 12:03:07.700 * 100 changes in 300 seconds. Saving...
298:M 24 Jun 2026 12:03:07.712 * Background saving started by pid 311
311:C 24 Jun 2026 12:03:07.715 * BGSAVE done, 18 keys saved, 0 keys skipped, 3646 bytes written.
311:C 24 Jun 2026 12:03:07.731 * DB saved on disk
311:C 24 Jun 2026 12:03:07.731 * Fork CoW for RDB: current 0 MB, peak 0 MB, average 0 MB
298:M 24 Jun 2026 12:03:07.826 * Background saving terminated with success
298:M 24 Jun 2026 12:13:07.911 * 100 changes in 300 seconds. Saving...
298:M 24 Jun 2026 12:13:07.953 * Background saving started by pid 312
312:C 24 Jun 2026 12:13:07.958 * BGSAVE done, 18 keys saved, 0 keys skipped, 3646 bytes written.
312:C 24 Jun 2026 12:13:07.977 * DB saved on disk
312:C 24 Jun 2026 12:13:07.978 * Fork CoW for RDB: current 0 MB, peak 0 MB, average 0 MB
298:M 24 Jun 2026 12:13:08.067 * Background saving terminated with success
298:M 24 Jun 2026 12:23:08.090 * 100 changes in 300 seconds. Saving...
298:M 24 Jun 2026 12:23:08.111 * Background saving started by pid 313
313:C 24 Jun 2026 12:23:08.115 * BGSAVE done, 18 keys saved, 0 keys skipped, 3646 bytes written.
313:C 24 Jun 2026 12:23:08.132 * DB saved on disk
313:C 24 Jun 2026 12:23:08.133 * Fork CoW for RDB: current 0 MB, peak 0 MB, average 0 MB
298:M 24 Jun 2026 12:23:08.214 * Background saving terminated with success
298:M 24 Jun 2026 12:33:08.311 * 100 changes in 300 seconds. Saving...
298:M 24 Jun 2026 12:33:08.354 * Background saving started by pid 314
314:C 24 Jun 2026 12:33:08.357 * BGSAVE done, 18 keys saved, 0 keys skipped, 3646 bytes written.
314:C 24 Jun 2026 12:33:08.383 * DB saved on disk
314:C 24 Jun 2026 12:33:08.384 * Fork CoW for RDB: current 0 MB, peak 0 MB, average 0 MB
298:M 24 Jun 2026 12:33:08.468 * Background saving terminated with success
298:M 24 Jun 2026 12:43:08.581 * 100 changes in 300 seconds. Saving...
298:M 24 Jun 2026 12:43:08.603 * Background saving started by pid 315
315:C 24 Jun 2026 12:43:08.607 * BGSAVE done, 18 keys saved, 0 keys skipped, 3646 bytes written.
315:C 24 Jun 2026 12:43:08.631 * DB saved on disk
315:C 24 Jun 2026 12:43:08.632 * Fork CoW for RDB: current 0 MB, peak 0 MB, average 0 MB
298:M 24 Jun 2026 12:43:08.705 * Background saving terminated with success
298:M 24 Jun 2026 12:53:08.760 * 100 changes in 300 seconds. Saving...
298:M 24 Jun 2026 12:53:08.779 * Background saving started by pid 316
316:C 24 Jun 2026 12:53:08.784 * BGSAVE done, 18 keys saved, 0 keys skipped, 3646 bytes written.
316:C 24 Jun 2026 12:53:08.806 * DB saved on disk
316:C 24 Jun 2026 12:53:08.807 * Fork CoW for RDB: current 0 MB, peak 0 MB, average 0 MB
298:M 24 Jun 2026 12:53:08.885 * Background saving terminated with success
298:M 24 Jun 2026 13:03:08.949 * 100 changes in 300 seconds. Saving...
298:M 24 Jun 2026 13:03:08.972 * Background saving started by pid 317
317:C 24 Jun 2026 13:03:08.975 * BGSAVE done, 18 keys saved, 0 keys skipped, 3646 bytes written.
317:C 24 Jun 2026 13:03:08.995 * DB saved on disk
317:C 24 Jun 2026 13:03:08.996 * Fork CoW for RDB: current 0 MB, peak 0 MB, average 0 MB
298:M 24 Jun 2026 13:03:09.075 * Background saving terminated with success
298:M 24 Jun 2026 13:13:09.183 * 100 changes in 300 seconds. Saving...
298:M 24 Jun 2026 13:13:09.197 * Background saving started by pid 318
318:C 24 Jun 2026 13:13:09.199 * BGSAVE done, 18 keys saved, 0 keys skipped, 3646 bytes written.
318:C 24 Jun 2026 13:13:09.210 * DB saved on disk
318:C 24 Jun 2026 13:13:09.210 * Fork CoW for RDB: current 0 MB, peak 0 MB, average 0 MB
298:M 24 Jun 2026 13:13:09.310 * Background saving terminated with success
298:M 24 Jun 2026 13:23:09.268 * 100 changes in 300 seconds. Saving...
298:M 24 Jun 2026 13:23:09.282 * Background saving started by pid 319
319:C 24 Jun 2026 13:23:09.285 * BGSAVE done, 18 keys saved, 0 keys skipped, 3646 bytes written.
319:C 24 Jun 2026 13:23:09.295 * DB saved on disk
319:C 24 Jun 2026 13:23:09.296 * Fork CoW for RDB: current 0 MB, peak 0 MB, average 0 MB
298:M 24 Jun 2026 13:23:09.393 * Background saving terminated with success
298:M 24 Jun 2026 13:33:09.463 * 100 changes in 300 seconds. Saving...
298:M 24 Jun 2026 13:33:09.488 * Background saving started by pid 320
320:C 24 Jun 2026 13:33:09.492 * BGSAVE done, 18 keys saved, 0 keys skipped, 3646 bytes written.
320:C 24 Jun 2026 13:33:09.503 * DB saved on disk
320:C 24 Jun 2026 13:33:09.504 * Fork CoW for RDB: current 0 MB, peak 0 MB, average 0 MB
298:M 24 Jun 2026 13:33:09.599 * Background saving terminated with success
298:M 24 Jun 2026 13:44:09.621 * 100 changes in 300 seconds. Saving...
298:M 24 Jun 2026 13:44:09.637 * Background saving started by pid 321
321:C 24 Jun 2026 13:44:09.641 * BGSAVE done, 18 keys saved, 0 keys skipped, 3646 bytes written.
321:C 24 Jun 2026 13:44:09.655 * DB saved on disk
321:C 24 Jun 2026 13:44:09.655 * Fork CoW for RDB: current 0 MB, peak 0 MB, average 0 MB
298:M 24 Jun 2026 13:44:09.747 * Background saving terminated with success
298:M 24 Jun 2026 13:49:10.009 * 100 changes in 300 seconds. Saving...
298:M 24 Jun 2026 13:49:10.020 * Background saving started by pid 322
322:C 24 Jun 2026 13:49:10.023 * BGSAVE done, 19 keys saved, 0 keys skipped, 4080 bytes written.
322:C 24 Jun 2026 13:49:10.032 * DB saved on disk
322:C 24 Jun 2026 13:49:10.032 * Fork CoW for RDB: current 0 MB, peak 0 MB, average 0 MB
298:M 24 Jun 2026 13:49:10.136 * Background saving terminated with success
298:M 24 Jun 2026 13:59:09.876 * 100 changes in 300 seconds. Saving...
298:M 24 Jun 2026 13:59:09.887 * Background saving started by pid 323
323:C 24 Jun 2026 13:59:09.890 * BGSAVE done, 19 keys saved, 0 keys skipped, 4080 bytes written.
323:C 24 Jun 2026 13:59:09.905 * DB saved on disk
323:C 24 Jun 2026 13:59:09.906 * Fork CoW for RDB: current 0 MB, peak 0 MB, average 0 MB
298:M 24 Jun 2026 13:59:10.002 * Background saving terminated with success
298:M 24 Jun 2026 14:07:40.075 * 100 changes in 300 seconds. Saving...
298:M 24 Jun 2026 14:07:40.087 * Background saving started by pid 324
324:C 24 Jun 2026 14:07:40.090 * BGSAVE done, 22 keys saved, 0 keys skipped, 4544 bytes written.
324:C 24 Jun 2026 14:07:40.101 * DB saved on disk
324:C 24 Jun 2026 14:07:40.102 * Fork CoW for RDB: current 0 MB, peak 0 MB, average 0 MB
298:M 24 Jun 2026 14:07:40.201 * Background saving terminated with success
298:M 24 Jun 2026 14:12:41.027 * 100 changes in 300 seconds. Saving...
298:M 24 Jun 2026 14:12:41.044 * Background saving started by pid 325
325:C 24 Jun 2026 14:12:41.046 * BGSAVE done, 21 keys saved, 0 keys skipped, 5702 bytes written.
325:C 24 Jun 2026 14:12:41.059 * DB saved on disk
325:C 24 Jun 2026 14:12:41.059 * Fork CoW for RDB: current 0 MB, peak 0 MB, average 0 MB
298:M 24 Jun 2026 14:12:41.154 * Background saving terminated with success
298:M 24 Jun 2026 14:19:12.635 * 100 changes in 300 seconds. Saving...
298:M 24 Jun 2026 14:19:12.653 * Background saving started by pid 326
326:C 24 Jun 2026 14:19:12.658 * BGSAVE done, 24 keys saved, 0 keys skipped, 6171 bytes written.
326:C 24 Jun 2026 14:19:12.672 * DB saved on disk
326:C 24 Jun 2026 14:19:12.673 * Fork CoW for RDB: current 0 MB, peak 0 MB, average 0 MB
298:M 24 Jun 2026 14:19:12.761 * Background saving terminated with success
298:M 24 Jun 2026 14:24:13.098 * 100 changes in 300 seconds. Saving...
298:M 24 Jun 2026 14:24:13.113 * Background saving started by pid 327
327:C 24 Jun 2026 14:24:13.116 * BGSAVE done, 23 keys saved, 0 keys skipped, 6557 bytes written.
327:C 24 Jun 2026 14:24:13.126 * DB saved on disk
327:C 24 Jun 2026 14:24:13.127 * Fork CoW for RDB: current 0 MB, peak 0 MB, average 0 MB
298:M 24 Jun 2026 14:24:13.225 * Background saving terminated with success
298:M 24 Jun 2026 14:33:50.254 * 100 changes in 300 seconds. Saving...
298:M 24 Jun 2026 14:33:50.265 * Background saving started by pid 328
328:C 24 Jun 2026 14:33:50.268 * BGSAVE done, 23 keys saved, 0 keys skipped, 6557 bytes written.
328:C 24 Jun 2026 14:33:50.285 * DB saved on disk
328:C 24 Jun 2026 14:33:50.286 * Fork CoW for RDB: current 0 MB, peak 0 MB, average 0 MB
298:M 24 Jun 2026 14:33:50.366 * Background saving terminated with success
298:M 24 Jun 2026 14:43:50.523 * 100 changes in 300 seconds. Saving...
298:M 24 Jun 2026 14:43:50.534 * Background saving started by pid 329
329:C 24 Jun 2026 14:43:50.537 * BGSAVE done, 23 keys saved, 0 keys skipped, 6557 bytes written.
329:C 24 Jun 2026 14:43:50.557 * DB saved on disk
329:C 24 Jun 2026 14:43:50.558 * Fork CoW for RDB: current 0 MB, peak 0 MB, average 0 MB
298:M 24 Jun 2026 14:43:50.650 * Background saving terminated with success
298:M 24 Jun 2026 15:43:51.054 * 1 changes in 3600 seconds. Saving...
298:M 24 Jun 2026 15:43:51.068 * Background saving started by pid 330
330:C 24 Jun 2026 15:43:51.071 * BGSAVE done, 18 keys saved, 0 keys skipped, 6275 bytes written.
330:C 24 Jun 2026 15:43:51.082 * DB saved on disk
330:C 24 Jun 2026 15:43:51.083 * Fork CoW for RDB: current 0 MB, peak 0 MB, average 0 MB
298:M 24 Jun 2026 15:43:51.178 * Background saving terminated with success
298:M 24 Jun 2026 16:38:16.553 * 100 changes in 300 seconds. Saving...
298:M 24 Jun 2026 16:38:16.567 * Background saving started by pid 331
331:C 24 Jun 2026 16:38:16.570 * BGSAVE done, 28 keys saved, 0 keys skipped, 7452 bytes written.
331:C 24 Jun 2026 16:38:16.585 * DB saved on disk
331:C 24 Jun 2026 16:38:16.585 * Fork CoW for RDB: current 0 MB, peak 0 MB, average 0 MB
298:M 24 Jun 2026 16:38:16.678 * Background saving terminated with success
298:M 24 Jun 2026 16:43:17.052 * 100 changes in 300 seconds. Saving...
298:M 24 Jun 2026 16:43:17.065 * Background saving started by pid 332
332:C 24 Jun 2026 16:43:17.068 * BGSAVE done, 28 keys saved, 0 keys skipped, 8359 bytes written.
332:C 24 Jun 2026 16:43:17.093 * DB saved on disk
332:C 24 Jun 2026 16:43:17.094 * Fork CoW for RDB: current 0 MB, peak 0 MB, average 0 MB
298:M 24 Jun 2026 16:43:17.179 * Background saving terminated with success
298:M 24 Jun 2026 16:48:18.068 * 100 changes in 300 seconds. Saving...
298:M 24 Jun 2026 16:48:18.082 * Background saving started by pid 333
333:C 24 Jun 2026 16:48:18.086 * BGSAVE done, 27 keys saved, 0 keys skipped, 8441 bytes written.
333:C 24 Jun 2026 16:48:18.104 * DB saved on disk
333:C 24 Jun 2026 16:48:18.105 * Fork CoW for RDB: current 0 MB, peak 0 MB, average 0 MB
298:M 24 Jun 2026 16:48:18.193 * Background saving terminated with success
298:M 24 Jun 2026 16:54:39.385 * 100 changes in 300 seconds. Saving...
298:M 24 Jun 2026 16:54:39.403 * Background saving started by pid 334
334:C 24 Jun 2026 16:54:39.407 * BGSAVE done, 25 keys saved, 0 keys skipped, 8394 bytes written.
334:C 24 Jun 2026 16:54:39.429 * DB saved on disk
334:C 24 Jun 2026 16:54:39.429 * Fork CoW for RDB: current 0 MB, peak 0 MB, average 0 MB
298:M 24 Jun 2026 16:54:39.508 * Background saving terminated with success
298:M 24 Jun 2026 17:04:39.536 * 100 changes in 300 seconds. Saving...
298:M 24 Jun 2026 17:04:39.548 * Background saving started by pid 335
335:C 24 Jun 2026 17:04:39.551 * BGSAVE done, 25 keys saved, 0 keys skipped, 8394 bytes written.
335:C 24 Jun 2026 17:04:39.569 * DB saved on disk
335:C 24 Jun 2026 17:04:39.569 * Fork CoW for RDB: current 0 MB, peak 0 MB, average 0 MB
298:M 24 Jun 2026 17:04:39.662 * Background saving terminated with success
298:M 24 Jun 2026 17:14:39.633 * 100 changes in 300 seconds. Saving...
298:M 24 Jun 2026 17:14:39.643 * Background saving started by pid 336
336:C 24 Jun 2026 17:14:39.646 * BGSAVE done, 25 keys saved, 0 keys skipped, 8394 bytes written.
336:C 24 Jun 2026 17:14:39.668 * DB saved on disk
336:C 24 Jun 2026 17:14:39.668 * Fork CoW for RDB: current 0 MB, peak 0 MB, average 0 MB
298:M 24 Jun 2026 17:14:39.758 * Background saving terminated with success
298:M 24 Jun 2026 17:25:09.837 * 100 changes in 300 seconds. Saving...
298:M 24 Jun 2026 17:25:09.850 * Background saving started by pid 337
337:C 24 Jun 2026 17:25:09.854 * BGSAVE done, 25 keys saved, 0 keys skipped, 8394 bytes written.
337:C 24 Jun 2026 17:25:09.877 * DB saved on disk
337:C 24 Jun 2026 17:25:09.878 * Fork CoW for RDB: current 0 MB, peak 0 MB, average 0 MB
298:M 24 Jun 2026 17:25:09.961 * Background saving terminated with success
298:M 24 Jun 2026 17:30:39.967 * 100 changes in 300 seconds. Saving...
298:M 24 Jun 2026 17:30:39.981 * Background saving started by pid 338
338:C 24 Jun 2026 17:30:39.984 * BGSAVE done, 29 keys saved, 0 keys skipped, 8968 bytes written.
338:C 24 Jun 2026 17:30:40.002 * DB saved on disk
338:C 24 Jun 2026 17:30:40.002 * Fork CoW for RDB: current 0 MB, peak 0 MB, average 0 MB
298:M 24 Jun 2026 17:30:40.093 * Background saving terminated with success
298:M 24 Jun 2026 17:35:41.100 * 100 changes in 300 seconds. Saving...
298:M 24 Jun 2026 17:35:41.110 * Background saving started by pid 339
339:C 24 Jun 2026 17:35:41.114 * BGSAVE done, 31 keys saved, 0 keys skipped, 12335 bytes written.
339:C 24 Jun 2026 17:35:41.132 * DB saved on disk
339:C 24 Jun 2026 17:35:41.132 * Fork CoW for RDB: current 0 MB, peak 0 MB, average 0 MB
298:M 24 Jun 2026 17:35:41.224 * Background saving terminated with success
298:M 24 Jun 2026 17:40:42.056 * 100 changes in 300 seconds. Saving...
298:M 24 Jun 2026 17:40:42.070 * Background saving started by pid 340
340:C 24 Jun 2026 17:40:42.074 * BGSAVE done, 35 keys saved, 0 keys skipped, 14271 bytes written.
340:C 24 Jun 2026 17:40:42.088 * DB saved on disk
340:C 24 Jun 2026 17:40:42.088 * Fork CoW for RDB: current 0 MB, peak 0 MB, average 0 MB
298:M 24 Jun 2026 17:40:42.182 * Background saving terminated with success
298:M 24 Jun 2026 17:45:43.098 * 100 changes in 300 seconds. Saving...
298:M 24 Jun 2026 17:45:43.109 * Background saving started by pid 341
341:C 24 Jun 2026 17:45:43.112 * BGSAVE done, 32 keys saved, 0 keys skipped, 17226 bytes written.
341:C 24 Jun 2026 17:45:43.130 * DB saved on disk
341:C 24 Jun 2026 17:45:43.131 * Fork CoW for RDB: current 0 MB, peak 0 MB, average 0 MB
298:M 24 Jun 2026 17:45:43.222 * Background saving terminated with success
298:M 24 Jun 2026 17:50:44.029 * 100 changes in 300 seconds. Saving...
298:M 24 Jun 2026 17:50:44.040 * Background saving started by pid 342
342:C 24 Jun 2026 17:50:44.043 * BGSAVE done, 35 keys saved, 0 keys skipped, 17739 bytes written.
342:C 24 Jun 2026 17:50:44.054 * DB saved on disk
342:C 24 Jun 2026 17:50:44.054 * Fork CoW for RDB: current 0 MB, peak 0 MB, average 0 MB
298:M 24 Jun 2026 17:50:44.155 * Background saving terminated with success
